  pch.cpp
C:\alireza\c++\vs\library_WinForm\library_WinForm\NewBookPage.h(248,49): warning C4244: 'argument': conversion from '__int64' to 'int', possible loss of data
  AssemblyInfo.cpp
  Book.cpp
C:\alireza\c++\vs\library_WinForm\library_WinForm\Book.cpp(1): warning C4603: '_CRT_SECURE_NO_WARNINGS': macro is not defined or definition is different after precompiled header use
C:\alireza\c++\vs\library_WinForm\library_WinForm\Book.cpp(1): message : Add macro to precompiled header instead of defining here
C:\alireza\c++\vs\library_WinForm\library_WinForm\Book.cpp(3): message : use of precompiled header
C:\alireza\c++\vs\library_WinForm\library_WinForm\Book.cpp(19,19): warning C4996: 'ctime': This function or variable may be unsafe. Consider using ctime_s instead. To disable deprecation, use _CRT_SECURE_NO_WARNINGS. See online help for details.
  Books.cpp
  Borrowing.cpp
  CppCLR_WinformsProjekt.cpp
C:\alireza\c++\vs\library_WinForm\library_WinForm\NewBookPage.h(248,49): warning C4244: 'argument': conversion from '__int64' to 'int', possible loss of data
  Form1.cpp
  Form2.cpp
  Hash.cpp
  LoginPage.cpp
  NewBookPage.cpp
C:\alireza\c++\vs\library_WinForm\library_WinForm\NewBookPage.h(248,49): warning C4244: 'argument': conversion from '__int64' to 'int', possible loss of data
  Session.cpp
  User.cpp
  UserPage.cpp
  Users.cpp
C:\alireza\c++\vs\library_WinForm\library_WinForm\Users.cpp(5,10): warning C4067: unexpected tokens following preprocessor directive - expected a newline
  Generating Code...
  .NETFramework,Version=v4.7.2.AssemblyAttributes.cpp
  AssemblyInfo.obj : MSIL module encountered; incremental linking is disabled for MSIL; performing full link
  library_WinForm.vcxproj -> C:\alireza\c++\vs\library_WinForm\x64\Debug\libraryWin.exe
